d:\personal_computer_vision_projects\face_detection_and_recognition\release\moc_mainwindow.obj
d:\personal_computer_vision_projects\face_detection_and_recognition\release\main.obj
d:\personal_computer_vision_projects\face_detection_and_recognition\release\imageinput.obj
d:\personal_computer_vision_projects\face_detection_and_recognition\release\mainwindow.obj
d:\personal_computer_vision_projects\face_detection_and_recognition\release\cascadefacedetector.obj
d:\personal_computer_vision_projects\face_detection_and_recognition\release\moc_predefs.h
d:\personal_computer_vision_projects\face_detection_and_recognition\ui_mainwindow.h
d:\personal_computer_vision_projects\face_detection_and_recognition\release\moc_mainwindow.cpp
d:\personal_computer_vision_projects\face_detection_and_recognition\release\face_detection_and_recognition.exe
d:\personal_computer_vision_projects\face_detection_and_recognition\release\face_det.ad1adefd.tlog\cl.command.1.tlog
d:\personal_computer_vision_projects\face_detection_and_recognition\release\face_det.ad1adefd.tlog\cl.read.1.tlog
d:\personal_computer_vision_projects\face_detection_and_recognition\release\face_det.ad1adefd.tlog\cl.write.1.tlog
d:\personal_computer_vision_projects\face_detection_and_recognition\release\face_det.ad1adefd.tlog\custombuild.command.1.tlog
d:\personal_computer_vision_projects\face_detection_and_recognition\release\face_det.ad1adefd.tlog\custombuild.read.1.tlog
d:\personal_computer_vision_projects\face_detection_and_recognition\release\face_det.ad1adefd.tlog\custombuild.write.1.tlog
d:\personal_computer_vision_projects\face_detection_and_recognition\release\face_det.ad1adefd.tlog\face_detection_and_recognition.write.1u.tlog
d:\personal_computer_vision_projects\face_detection_and_recognition\release\face_det.ad1adefd.tlog\link.command.1.tlog
d:\personal_computer_vision_projects\face_detection_and_recognition\release\face_det.ad1adefd.tlog\link.read.1.tlog
d:\personal_computer_vision_projects\face_detection_and_recognition\release\face_det.ad1adefd.tlog\link.write.1.tlog
d:\personal_computer_vision_projects\face_detection_and_recognition\release\face_det.ad1adefd.tlog\moc.read.1u.tlog
d:\personal_computer_vision_projects\face_detection_and_recognition\release\face_det.ad1adefd.tlog\moc.write.1u.tlog
d:\personal_computer_vision_projects\face_detection_and_recognition\release\face_det.ad1adefd.tlog\uic.read.1u.tlog
d:\personal_computer_vision_projects\face_detection_and_recognition\release\face_det.ad1adefd.tlog\uic.write.1u.tlog
